2026/01/19 15:03:11 FKey Linux v0.1.2 starting...
2026/01/19 15:03:11 Using xdotool for text injection
2026/01/19 15:03:11 Global keyboard hook starting...
2026/01/19 15:03:11 System tray ready

(fkey:278190): libayatana-appindicator-WARNING **: 15:03:11.121: Unable to get the session bus: Failed to execute child process “dbus-launch” (No such file or directory)

(fkey:278190): LIBDBUSMENU-GLIB-WARNING **: 15:03:11.121: Unable to get session bus: Failed to execute child process “dbus-launch” (No such file or directory)
2026/01/19 15:03:14 [DEBUG] Key event: rawcode=103, keychar=￿ (65535), mask=0x2000
2026/01/19 15:03:14 [DEBUG] Mapped to internal code: 5
2026/01/19 15:03:14 [DEBUG] Processing key: code=5, shift=false, caps=false
2026/01/19 15:03:14 [DEBUG Bridge] ProcessKey: keycode=5, caps=false, ctrl=false, shift=false, enabled=true
2026/01/19 15:03:15 [DEBUG] IME returned nil (no action)
2026/01/19 15:03:15 [DEBUG] Key event: rawcode=111, keychar=￿ (65535), mask=0x2000
2026/01/19 15:03:15 [DEBUG] Mapped to internal code: 31
2026/01/19 15:03:15 [DEBUG] Processing key: code=31, shift=false, caps=false
2026/01/19 15:03:15 [DEBUG Bridge] ProcessKey: keycode=31, caps=false, ctrl=false, shift=false, enabled=true
2026/01/19 15:03:15 [DEBUG] IME returned nil (no action)
2026/01/19 15:03:15 [DEBUG] Key event: rawcode=120, keychar=￿ (65535), mask=0x2000
2026/01/19 15:03:15 [DEBUG] Mapped to internal code: 7
2026/01/19 15:03:15 [DEBUG] Processing key: code=7, shift=false, caps=false
2026/01/19 15:03:15 [DEBUG Bridge] ProcessKey: keycode=7, caps=false, ctrl=false, shift=false, enabled=true
2026/01/19 15:03:15 [DEBUG] IME result: action=245, backspace=0, text=""
2026/01/19 15:03:15 [DEBUG] Key event: rawcode=32, keychar=￿ (65535), mask=0x2000
2026/01/19 15:03:15 [DEBUG] Mapped to internal code: 49
2026/01/19 15:03:15 [DEBUG] Processing key: code=49, shift=false, caps=false
2026/01/19 15:03:15 [DEBUG Bridge] ProcessKey: keycode=49, caps=false, ctrl=false, shift=false, enabled=true
2026/01/19 15:03:15 [DEBUG] IME returned nil (no action)
2026/01/19 15:03:15 [DEBUG] Key event: rawcode=110, keychar=￿ (65535), mask=0x2000
2026/01/19 15:03:15 [DEBUG] Mapped to internal code: 45
2026/01/19 15:03:15 [DEBUG] Processing key: code=45, shift=false, caps=false
2026/01/19 15:03:15 [DEBUG Bridge] ProcessKey: keycode=45, caps=false, ctrl=false, shift=false, enabled=true
2026/01/19 15:03:15 [DEBUG] IME returned nil (no action)
2026/01/19 15:03:15 [DEBUG] Key event: rawcode=104, keychar=￿ (65535), mask=0x2000
2026/01/19 15:03:15 [DEBUG] Mapped to internal code: 4
2026/01/19 15:03:15 [DEBUG] Processing key: code=4, shift=false, caps=false
2026/01/19 15:03:15 [DEBUG Bridge] ProcessKey: keycode=4, caps=false, ctrl=false, shift=false, enabled=true
2026/01/19 15:03:15 [DEBUG] IME returned nil (no action)
2026/01/19 15:03:15 [DEBUG] Key event: rawcode=105, keychar=￿ (65535), mask=0x2000
2026/01/19 15:03:15 [DEBUG] Mapped to internal code: 34
2026/01/19 15:03:15 [DEBUG] Processing key: code=34, shift=false, caps=false
2026/01/19 15:03:15 [DEBUG Bridge] ProcessKey: keycode=34, caps=false, ctrl=false, shift=false, enabled=true
2026/01/19 15:03:15 [DEBUG] IME returned nil (no action)
2026/01/19 15:03:15 [DEBUG] Key event: rawcode=101, keychar=￿ (65535), mask=0x2000
2026/01/19 15:03:15 [DEBUG] Mapped to internal code: 14
2026/01/19 15:03:15 [DEBUG] Processing key: code=14, shift=false, caps=false
2026/01/19 15:03:15 [DEBUG Bridge] ProcessKey: keycode=14, caps=false, ctrl=false, shift=false, enabled=true
2026/01/19 15:03:15 [DEBUG] IME returned nil (no action)
2026/01/19 15:03:15 [DEBUG] Key event: rawcode=117, keychar=￿ (65535), mask=0x2000
2026/01/19 15:03:15 [DEBUG] Mapped to internal code: 32
2026/01/19 15:03:15 [DEBUG] Processing key: code=32, shift=false, caps=false
2026/01/19 15:03:15 [DEBUG Bridge] ProcessKey: keycode=32, caps=false, ctrl=false, shift=false, enabled=true
2026/01/19 15:03:15 [DEBUG] IME returned nil (no action)
2026/01/19 15:03:15 [DEBUG] Key event: rawcode=102, keychar=￿ (65535), mask=0x2000
2026/01/19 15:03:15 [DEBUG] Mapped to internal code: 3
2026/01/19 15:03:15 [DEBUG] Processing key: code=3, shift=false, caps=false
2026/01/19 15:03:15 [DEBUG Bridge] ProcessKey: keycode=3, caps=false, ctrl=false, shift=false, enabled=true
2026/01/19 15:03:15 [DEBUG] IME result: action=232, backspace=0, text=""
2026/01/19 15:03:16 [DEBUG] Key event: rawcode=32, keychar=￿ (65535), mask=0x2000
2026/01/19 15:03:16 [DEBUG] Mapped to internal code: 49
2026/01/19 15:03:16 [DEBUG] Processing key: code=49, shift=false, caps=false
2026/01/19 15:03:16 [DEBUG Bridge] ProcessKey: keycode=49, caps=false, ctrl=false, shift=false, enabled=true
2026/01/19 15:03:16 [DEBUG] IME returned nil (no action)
2026/01/19 15:03:16 [DEBUG] Key event: rawcode=122, keychar=￿ (65535), mask=0x2000
2026/01/19 15:03:16 [DEBUG] Mapped to internal code: 6
2026/01/19 15:03:16 [DEBUG] Processing key: code=6, shift=false, caps=false
2026/01/19 15:03:16 [DEBUG Bridge] ProcessKey: keycode=6, caps=false, ctrl=false, shift=false, enabled=true
2026/01/19 15:03:16 [DEBUG] IME returned nil (no action)
2026/01/19 15:03:16 [DEBUG] Key event: rawcode=105, keychar=￿ (65535), mask=0x2000
2026/01/19 15:03:16 [DEBUG] Mapped to internal code: 34
2026/01/19 15:03:16 [DEBUG] Processing key: code=34, shift=false, caps=false
2026/01/19 15:03:16 [DEBUG Bridge] ProcessKey: keycode=34, caps=false, ctrl=false, shift=false, enabled=true
2026/01/19 15:03:16 [DEBUG] IME returned nil (no action)
2026/01/19 15:03:16 [DEBUG] Key event: rawcode=106, keychar=￿ (65535), mask=0x2000
2026/01/19 15:03:16 [DEBUG] Mapped to internal code: 38
2026/01/19 15:03:16 [DEBUG] Processing key: code=38, shift=false, caps=false
2026/01/19 15:03:16 [DEBUG Bridge] ProcessKey: keycode=38, caps=false, ctrl=false, shift=false, enabled=true
2026/01/19 15:03:16 [DEBUG] IME returned nil (no action)
2026/01/19 15:03:16 [DEBUG] Key event: rawcode=32, keychar=￿ (65535), mask=0x2000
2026/01/19 15:03:16 [DEBUG] Mapped to internal code: 49
2026/01/19 15:03:16 [DEBUG] Processing key: code=49, shift=false, caps=false
2026/01/19 15:03:16 [DEBUG Bridge] ProcessKey: keycode=49, caps=false, ctrl=false, shift=false, enabled=true
2026/01/19 15:03:16 [DEBUG] IME returned nil (no action)
2026/01/19 15:03:16 [DEBUG] Key event: rawcode=109, keychar=￿ (65535), mask=0x2000
2026/01/19 15:03:16 [DEBUG] Mapped to internal code: 46
2026/01/19 15:03:16 [DEBUG] Processing key: code=46, shift=false, caps=false
2026/01/19 15:03:16 [DEBUG Bridge] ProcessKey: keycode=46, caps=false, ctrl=false, shift=false, enabled=true
2026/01/19 15:03:16 [DEBUG] IME returned nil (no action)
2026/01/19 15:03:16 [DEBUG] Key event: rawcode=97, keychar=￿ (65535), mask=0x2000
2026/01/19 15:03:16 [DEBUG] Mapped to internal code: 0
2026/01/19 15:03:16 [DEBUG] Processing key: code=0, shift=false, caps=false
2026/01/19 15:03:16 [DEBUG Bridge] ProcessKey: keycode=0, caps=false, ctrl=false, shift=false, enabled=true
2026/01/19 15:03:16 [DEBUG] IME returned nil (no action)
2026/01/19 15:03:16 [DEBUG] Key event: rawcode=102, keychar=￿ (65535), mask=0x2000
2026/01/19 15:03:16 [DEBUG] Mapped to internal code: 3
2026/01/19 15:03:16 [DEBUG] Processing key: code=3, shift=false, caps=false
2026/01/19 15:03:16 [DEBUG Bridge] ProcessKey: keycode=3, caps=false, ctrl=false, shift=false, enabled=true
2026/01/19 15:03:16 [DEBUG] IME result: action=224, backspace=0, text=""
2026/01/19 15:03:16 [DEBUG] Key event: rawcode=32, keychar=￿ (65535), mask=0x2000
2026/01/19 15:03:16 [DEBUG] Mapped to internal code: 49
2026/01/19 15:03:16 [DEBUG] Processing key: code=49, shift=false, caps=false
2026/01/19 15:03:16 [DEBUG Bridge] ProcessKey: keycode=49, caps=false, ctrl=false, shift=false, enabled=true
2026/01/19 15:03:16 [DEBUG] IME returned nil (no action)
2026/01/19 15:03:17 [DEBUG] Key event: rawcode=99, keychar=￿ (65535), mask=0x2000
2026/01/19 15:03:17 [DEBUG] Mapped to internal code: 8
2026/01/19 15:03:17 [DEBUG] Processing key: code=8, shift=false, caps=false
2026/01/19 15:03:17 [DEBUG Bridge] ProcessKey: keycode=8, caps=false, ctrl=false, shift=false, enabled=true
2026/01/19 15:03:17 [DEBUG] IME returned nil (no action)
2026/01/19 15:03:17 [DEBUG] Key event: rawcode=111, keychar=￿ (65535), mask=0x2000
2026/01/19 15:03:17 [DEBUG] Mapped to internal code: 31
2026/01/19 15:03:17 [DEBUG] Processing key: code=31, shift=false, caps=false
2026/01/19 15:03:17 [DEBUG Bridge] ProcessKey: keycode=31, caps=false, ctrl=false, shift=false, enabled=true
2026/01/19 15:03:17 [DEBUG] IME returned nil (no action)
2026/01/19 15:03:17 [DEBUG] Key event: rawcode=110, keychar=￿ (65535), mask=0x2000
2026/01/19 15:03:17 [DEBUG] Mapped to internal code: 45
2026/01/19 15:03:17 [DEBUG] Processing key: code=45, shift=false, caps=false
2026/01/19 15:03:17 [DEBUG Bridge] ProcessKey: keycode=45, caps=false, ctrl=false, shift=false, enabled=true
2026/01/19 15:03:17 [DEBUG] IME returned nil (no action)
2026/01/19 15:03:17 [DEBUG] Key event: rawcode=32, keychar=￿ (65535), mask=0x2000
2026/01/19 15:03:17 [DEBUG] Mapped to internal code: 49
2026/01/19 15:03:17 [DEBUG] Processing key: code=49, shift=false, caps=false
2026/01/19 15:03:17 [DEBUG Bridge] ProcessKey: keycode=49, caps=false, ctrl=false, shift=false, enabled=true
2026/01/19 15:03:17 [DEBUG] IME returned nil (no action)
2026/01/19 15:03:17 [DEBUG] Key event: rawcode=65288, keychar=￿ (65535), mask=0x2000
2026/01/19 15:03:17 [DEBUG] Unmapped rawcode: 65288
2026/01/19 15:03:18 [DEBUG] Key event: rawcode=102, keychar=￿ (65535), mask=0x2000
2026/01/19 15:03:18 [DEBUG] Mapped to internal code: 3
2026/01/19 15:03:18 [DEBUG] Processing key: code=3, shift=false, caps=false
2026/01/19 15:03:18 [DEBUG Bridge] ProcessKey: keycode=3, caps=false, ctrl=false, shift=false, enabled=true
2026/01/19 15:03:18 [DEBUG] IME returned nil (no action)
2026/01/19 15:03:18 [DEBUG] Key event: rawcode=32, keychar=￿ (65535), mask=0x2000
2026/01/19 15:03:18 [DEBUG] Mapped to internal code: 49
2026/01/19 15:03:18 [DEBUG] Processing key: code=49, shift=false, caps=false
2026/01/19 15:03:18 [DEBUG Bridge] ProcessKey: keycode=49, caps=false, ctrl=false, shift=false, enabled=true
2026/01/19 15:03:18 [DEBUG] IME returned nil (no action)
2026/01/19 15:03:18 [DEBUG] Key event: rawcode=107, keychar=￿ (65535), mask=0x2000
2026/01/19 15:03:18 [DEBUG] Mapped to internal code: 40
2026/01/19 15:03:18 [DEBUG] Processing key: code=40, shift=false, caps=false
2026/01/19 15:03:18 [DEBUG Bridge] ProcessKey: keycode=40, caps=false, ctrl=false, shift=false, enabled=true
2026/01/19 15:03:18 [DEBUG] IME returned nil (no action)
2026/01/19 15:03:18 [DEBUG] Key event: rawcode=104, keychar=￿ (65535), mask=0x2000
2026/01/19 15:03:18 [DEBUG] Mapped to internal code: 4
2026/01/19 15:03:18 [DEBUG] Processing key: code=4, shift=false, caps=false
2026/01/19 15:03:18 [DEBUG Bridge] ProcessKey: keycode=4, caps=false, ctrl=false, shift=false, enabled=true
2026/01/19 15:03:18 [DEBUG] IME returned nil (no action)
2026/01/19 15:03:18 [DEBUG] Key event: rawcode=111, keychar=￿ (65535), mask=0x2000
2026/01/19 15:03:18 [DEBUG] Mapped to internal code: 31
2026/01/19 15:03:18 [DEBUG] Processing key: code=31, shift=false, caps=false
2026/01/19 15:03:18 [DEBUG Bridge] ProcessKey: keycode=31, caps=false, ctrl=false, shift=false, enabled=true
2026/01/19 15:03:18 [DEBUG] IME returned nil (no action)
2026/01/19 15:03:18 [DEBUG] Key event: rawcode=110, keychar=￿ (65535), mask=0x2000
2026/01/19 15:03:18 [DEBUG] Mapped to internal code: 45
2026/01/19 15:03:18 [DEBUG] Processing key: code=45, shift=false, caps=false
2026/01/19 15:03:18 [DEBUG Bridge] ProcessKey: keycode=45, caps=false, ctrl=false, shift=false, enabled=true
2026/01/19 15:03:18 [DEBUG] IME returned nil (no action)
2026/01/19 15:03:18 [DEBUG] Key event: rawcode=103, keychar=￿ (65535), mask=0x2000
2026/01/19 15:03:18 [DEBUG] Mapped to internal code: 5
2026/01/19 15:03:18 [DEBUG] Processing key: code=5, shift=false, caps=false
2026/01/19 15:03:18 [DEBUG Bridge] ProcessKey: keycode=5, caps=false, ctrl=false, shift=false, enabled=true
2026/01/19 15:03:18 [DEBUG] IME returned nil (no action)
2026/01/19 15:03:19 [DEBUG] Key event: rawcode=32, keychar=￿ (65535), mask=0x2000
2026/01/19 15:03:19 [DEBUG] Mapped to internal code: 49
2026/01/19 15:03:19 [DEBUG] Processing key: code=49, shift=false, caps=false
2026/01/19 15:03:19 [DEBUG Bridge] ProcessKey: keycode=49, caps=false, ctrl=false, shift=false, enabled=true
2026/01/19 15:03:19 [DEBUG] IME returned nil (no action)
2026/01/19 15:03:19 [DEBUG] Key event: rawcode=104, keychar=￿ (65535), mask=0x2000
2026/01/19 15:03:19 [DEBUG] Mapped to internal code: 4
2026/01/19 15:03:19 [DEBUG] Processing key: code=4, shift=false, caps=false
2026/01/19 15:03:19 [DEBUG Bridge] ProcessKey: keycode=4, caps=false, ctrl=false, shift=false, enabled=true
2026/01/19 15:03:19 [DEBUG] IME returned nil (no action)
2026/01/19 15:03:19 [DEBUG] Key event: rawcode=111, keychar=￿ (65535), mask=0x2000
2026/01/19 15:03:19 [DEBUG] Mapped to internal code: 31
2026/01/19 15:03:19 [DEBUG] Processing key: code=31, shift=false, caps=false
2026/01/19 15:03:19 [DEBUG Bridge] ProcessKey: keycode=31, caps=false, ctrl=false, shift=false, enabled=true
2026/01/19 15:03:19 [DEBUG] IME returned nil (no action)
2026/01/19 15:03:19 [DEBUG] Key event: rawcode=97, keychar=￿ (65535), mask=0x2000
2026/01/19 15:03:19 [DEBUG] Mapped to internal code: 0
2026/01/19 15:03:19 [DEBUG] Processing key: code=0, shift=false, caps=false
2026/01/19 15:03:19 [DEBUG Bridge] ProcessKey: keycode=0, caps=false, ctrl=false, shift=false, enabled=true
2026/01/19 15:03:19 [DEBUG] IME returned nil (no action)
2026/01/19 15:03:19 [DEBUG] Key event: rawcode=116, keychar=￿ (65535), mask=0x2000
2026/01/19 15:03:19 [DEBUG] Mapped to internal code: 17
2026/01/19 15:03:19 [DEBUG] Processing key: code=17, shift=false, caps=false
2026/01/19 15:03:19 [DEBUG Bridge] ProcessKey: keycode=17, caps=false, ctrl=false, shift=false, enabled=true
2026/01/19 15:03:19 [DEBUG] IME returned nil (no action)
2026/01/19 15:03:19 [DEBUG] Key event: rawcode=32, keychar=￿ (65535), mask=0x2000
2026/01/19 15:03:19 [DEBUG] Mapped to internal code: 49
2026/01/19 15:03:19 [DEBUG] Processing key: code=49, shift=false, caps=false
2026/01/19 15:03:19 [DEBUG Bridge] ProcessKey: keycode=49, caps=false, ctrl=false, shift=false, enabled=true
2026/01/19 15:03:19 [DEBUG] IME returned nil (no action)
2026/01/19 15:03:19 [DEBUG] Key event: rawcode=100, keychar=￿ (65535), mask=0x2000
2026/01/19 15:03:19 [DEBUG] Mapped to internal code: 2
2026/01/19 15:03:19 [DEBUG] Processing key: code=2, shift=false, caps=false
2026/01/19 15:03:19 [DEBUG Bridge] ProcessKey: keycode=2, caps=false, ctrl=false, shift=false, enabled=true
2026/01/19 15:03:19 [DEBUG] IME returned nil (no action)
2026/01/19 15:03:19 [DEBUG] Key event: rawcode=111, keychar=￿ (65535), mask=0x2000
2026/01/19 15:03:19 [DEBUG] Mapped to internal code: 31
2026/01/19 15:03:19 [DEBUG] Processing key: code=31, shift=false, caps=false
2026/01/19 15:03:19 [DEBUG Bridge] ProcessKey: keycode=31, caps=false, ctrl=false, shift=false, enabled=true
2026/01/19 15:03:19 [DEBUG] IME returned nil (no action)
2026/01/19 15:03:19 [DEBUG] Key event: rawcode=110, keychar=￿ (65535), mask=0x2000
2026/01/19 15:03:19 [DEBUG] Mapped to internal code: 45
2026/01/19 15:03:19 [DEBUG] Processing key: code=45, shift=false, caps=false
2026/01/19 15:03:19 [DEBUG Bridge] ProcessKey: keycode=45, caps=false, ctrl=false, shift=false, enabled=true
2026/01/19 15:03:19 [DEBUG] IME returned nil (no action)
2026/01/19 15:03:19 [DEBUG] Key event: rawcode=103, keychar=￿ (65535), mask=0x2000
2026/01/19 15:03:19 [DEBUG] Mapped to internal code: 5
2026/01/19 15:03:19 [DEBUG] Processing key: code=5, shift=false, caps=false
2026/01/19 15:03:19 [DEBUG Bridge] ProcessKey: keycode=5, caps=false, ctrl=false, shift=false, enabled=true
2026/01/19 15:03:19 [DEBUG] IME returned nil (no action)
2026/01/19 15:03:20 [DEBUG] Key event: rawcode=106, keychar=￿ (65535), mask=0x2000
2026/01/19 15:03:20 [DEBUG] Mapped to internal code: 38
2026/01/19 15:03:20 [DEBUG] Processing key: code=38, shift=false, caps=false
2026/01/19 15:03:20 [DEBUG Bridge] ProcessKey: keycode=38, caps=false, ctrl=false, shift=false, enabled=true
2026/01/19 15:03:20 [DEBUG] IME result: action=205, backspace=30, text=""
2026/01/19 15:03:20 [DEBUG] Key event: rawcode=111, keychar=￿ (65535), mask=0x2000
2026/01/19 15:03:20 [DEBUG] Mapped to internal code: 31
2026/01/19 15:03:20 [DEBUG] Processing key: code=31, shift=false, caps=false
2026/01/19 15:03:20 [DEBUG Bridge] ProcessKey: keycode=31, caps=false, ctrl=false, shift=false, enabled=true
2026/01/19 15:03:20 [DEBUG] IME result: action=217, backspace=30, text=""
2026/01/19 15:03:21 [DEBUG] Key event: rawcode=32, keychar=￿ (65535), mask=0x2000
2026/01/19 15:03:21 [DEBUG] Mapped to internal code: 49
2026/01/19 15:03:21 [DEBUG] Processing key: code=49, shift=false, caps=false
2026/01/19 15:03:21 [DEBUG Bridge] ProcessKey: keycode=49, caps=false, ctrl=false, shift=false, enabled=true
2026/01/19 15:03:21 [DEBUG] IME returned nil (no action)
2026/01/19 15:03:21 [DEBUG] Key event: rawcode=110, keychar=￿ (65535), mask=0x2000
2026/01/19 15:03:21 [DEBUG] Mapped to internal code: 45
2026/01/19 15:03:21 [DEBUG] Processing key: code=45, shift=false, caps=false
2026/01/19 15:03:21 [DEBUG Bridge] ProcessKey: keycode=45, caps=false, ctrl=false, shift=false, enabled=true
2026/01/19 15:03:21 [DEBUG] IME returned nil (no action)
2026/01/19 15:03:21 [DEBUG] Key event: rawcode=119, keychar=￿ (65535), mask=0x2000
2026/01/19 15:03:21 [DEBUG] Mapped to internal code: 13
2026/01/19 15:03:21 [DEBUG] Processing key: code=13, shift=false, caps=false
2026/01/19 15:03:21 [DEBUG Bridge] ProcessKey: keycode=13, caps=false, ctrl=false, shift=false, enabled=true
2026/01/19 15:03:21 [DEBUG] IME result: action=176, backspace=1, text=""
2026/01/19 15:03:21 [DEBUG] Key event: rawcode=97, keychar=￿ (65535), mask=0x2000
2026/01/19 15:03:21 [DEBUG] Mapped to internal code: 0
2026/01/19 15:03:21 [DEBUG] Processing key: code=0, shift=false, caps=false
2026/01/19 15:03:21 [DEBUG Bridge] ProcessKey: keycode=0, caps=false, ctrl=false, shift=false, enabled=true
2026/01/19 15:03:21 [DEBUG] IME returned nil (no action)
2026/01/19 15:03:21 [DEBUG] Key event: rawcode=120, keychar=￿ (65535), mask=0x2000
2026/01/19 15:03:21 [DEBUG] Mapped to internal code: 7
2026/01/19 15:03:21 [DEBUG] Processing key: code=7, shift=false, caps=false
2026/01/19 15:03:21 [DEBUG Bridge] ProcessKey: keycode=7, caps=false, ctrl=false, shift=false, enabled=true
2026/01/19 15:03:21 [DEBUG] IME result: action=239, backspace=30, text=""
2026/01/19 15:03:22 [DEBUG] Key event: rawcode=65293, keychar=￿ (65535), mask=0x2000
2026/01/19 15:03:22 [DEBUG] Unmapped rawcode: 65293
2026/01/19 15:03:30 [DEBUG] Key event: rawcode=65293, keychar=￿ (65535), mask=0x2000
2026/01/19 15:03:30 [DEBUG] Unmapped rawcode: 65293
2026/01/19 15:03:43 [DEBUG] Key event: rawcode=65293, keychar=￿ (65535), mask=0x2000
2026/01/19 15:03:43 [DEBUG] Unmapped rawcode: 65293
2026/01/19 15:04:00 [DEBUG] Key event: rawcode=100, keychar=￿ (65535), mask=0x2000
2026/01/19 15:04:00 [DEBUG] Mapped to internal code: 2
2026/01/19 15:04:00 [DEBUG] Processing key: code=2, shift=false, caps=false
2026/01/19 15:04:00 [DEBUG Bridge] ProcessKey: keycode=2, caps=false, ctrl=false, shift=false, enabled=true
2026/01/19 15:04:00 [DEBUG] IME result: action=176, backspace=1, text=""
2026/01/19 15:04:00 [DEBUG] Key event: rawcode=105, keychar=￿ (65535), mask=0x2000
2026/01/19 15:04:00 [DEBUG] Mapped to internal code: 34
2026/01/19 15:04:00 [DEBUG] Processing key: code=34, shift=false, caps=false
2026/01/19 15:04:00 [DEBUG Bridge] ProcessKey: keycode=34, caps=false, ctrl=false, shift=false, enabled=true
2026/01/19 15:04:00 [DEBUG] IME returned nil (no action)
2026/01/19 15:04:01 [DEBUG] Key event: rawcode=115, keychar=￿ (65535), mask=0x2000
2026/01/19 15:04:01 [DEBUG] Mapped to internal code: 1
2026/01/19 15:04:01 [DEBUG] Processing key: code=1, shift=false, caps=false
2026/01/19 15:04:01 [DEBUG Bridge] ProcessKey: keycode=1, caps=false, ctrl=false, shift=false, enabled=true
2026/01/19 15:04:01 [DEBUG] IME result: action=233, backspace=30, text=""
2026/01/19 15:04:02 [DEBUG] Key event: rawcode=99, keychar=￿ (65535), mask=0x2000
2026/01/19 15:04:02 [DEBUG] Mapped to internal code: 8
2026/01/19 15:04:02 [DEBUG] Processing key: code=8, shift=false, caps=false
2026/01/19 15:04:02 [DEBUG Bridge] ProcessKey: keycode=8, caps=false, ctrl=false, shift=false, enabled=true
2026/01/19 15:04:02 [DEBUG] IME returned nil (no action)
2026/01/19 15:04:02 [DEBUG] Key event: rawcode=111, keychar=￿ (65535), mask=0x2000
2026/01/19 15:04:02 [DEBUG] Mapped to internal code: 31
2026/01/19 15:04:02 [DEBUG] Processing key: code=31, shift=false, caps=false
2026/01/19 15:04:02 [DEBUG Bridge] ProcessKey: keycode=31, caps=false, ctrl=false, shift=false, enabled=true
2026/01/19 15:04:02 [DEBUG] IME returned nil (no action)
2026/01/19 15:04:02 [DEBUG] Key event: rawcode=114, keychar=￿ (65535), mask=0x2000
2026/01/19 15:04:02 [DEBUG] Mapped to internal code: 15
2026/01/19 15:04:02 [DEBUG] Processing key: code=15, shift=false, caps=false
2026/01/19 15:04:02 [DEBUG Bridge] ProcessKey: keycode=15, caps=false, ctrl=false, shift=false, enabled=true
2026/01/19 15:04:02 [DEBUG] IME result: action=237, backspace=30, text=""
2026/01/19 15:04:02 [DEBUG] Key event: rawcode=100, keychar=￿ (65535), mask=0x2000
2026/01/19 15:04:02 [DEBUG] Mapped to internal code: 2
2026/01/19 15:04:02 [DEBUG] Processing key: code=2, shift=false, caps=false
2026/01/19 15:04:02 [DEBUG Bridge] ProcessKey: keycode=2, caps=false, ctrl=false, shift=false, enabled=true
2026/01/19 15:04:02 [DEBUG] IME returned nil (no action)
2026/01/19 15:04:03 [DEBUG] Key event: rawcode=65507, keychar=￿ (65535), mask=0x2002
2026/01/19 15:04:03 [DEBUG] Unmapped rawcode: 65507
2026/01/19 15:04:03 [DEBUG] Key event: rawcode=97, keychar=￿ (65535), mask=0x2002
2026/01/19 15:04:03 [DEBUG] Mapped to internal code: 0
2026/01/19 15:04:03 [DEBUG] Processing key: code=0, shift=false, caps=false
2026/01/19 15:04:03 [DEBUG Bridge] ProcessKey: keycode=0, caps=false, ctrl=false, shift=false, enabled=true
2026/01/19 15:04:03 [DEBUG] IME returned nil (no action)
2026/01/19 15:04:09 [DEBUG] Key event: rawcode=100, keychar=￿ (65535), mask=0x2000
2026/01/19 15:04:09 [DEBUG] Mapped to internal code: 2
2026/01/19 15:04:09 [DEBUG] Processing key: code=2, shift=false, caps=false
2026/01/19 15:04:09 [DEBUG Bridge] ProcessKey: keycode=2, caps=false, ctrl=false, shift=false, enabled=true
2026/01/19 15:04:09 [DEBUG] IME returned nil (no action)
2026/01/19 15:04:09 [DEBUG] Key event: rawcode=105, keychar=￿ (65535), mask=0x2000
2026/01/19 15:04:09 [DEBUG] Mapped to internal code: 34
2026/01/19 15:04:09 [DEBUG] Processing key: code=34, shift=false, caps=false
2026/01/19 15:04:09 [DEBUG Bridge] ProcessKey: keycode=34, caps=false, ctrl=false, shift=false, enabled=true
2026/01/19 15:04:09 [DEBUG] IME returned nil (no action)
2026/01/19 15:04:09 [DEBUG] Key event: rawcode=115, keychar=￿ (65535), mask=0x2000
2026/01/19 15:04:09 [DEBUG] Mapped to internal code: 1
2026/01/19 15:04:09 [DEBUG] Processing key: code=1, shift=false, caps=false
2026/01/19 15:04:09 [DEBUG Bridge] ProcessKey: keycode=1, caps=false, ctrl=false, shift=false, enabled=true
2026/01/19 15:04:09 [DEBUG] IME result: action=233, backspace=30, text=""
2026/01/19 15:04:09 [DEBUG] Key event: rawcode=99, keychar=￿ (65535), mask=0x2000
2026/01/19 15:04:09 [DEBUG] Mapped to internal code: 8
2026/01/19 15:04:09 [DEBUG] Processing key: code=8, shift=false, caps=false
2026/01/19 15:04:09 [DEBUG Bridge] ProcessKey: keycode=8, caps=false, ctrl=false, shift=false, enabled=true
2026/01/19 15:04:09 [DEBUG] IME returned nil (no action)
2026/01/19 15:04:09 [DEBUG] Key event: rawcode=111, keychar=￿ (65535), mask=0x2000
2026/01/19 15:04:09 [DEBUG] Mapped to internal code: 31
2026/01/19 15:04:09 [DEBUG] Processing key: code=31, shift=false, caps=false
2026/01/19 15:04:09 [DEBUG Bridge] ProcessKey: keycode=31, caps=false, ctrl=false, shift=false, enabled=true
2026/01/19 15:04:09 [DEBUG] IME returned nil (no action)
2026/01/19 15:04:09 [DEBUG] Key event: rawcode=114, keychar=￿ (65535), mask=0x2000
2026/01/19 15:04:09 [DEBUG] Mapped to internal code: 15
2026/01/19 15:04:09 [DEBUG] Processing key: code=15, shift=false, caps=false
2026/01/19 15:04:09 [DEBUG Bridge] ProcessKey: keycode=15, caps=false, ctrl=false, shift=false, enabled=true
2026/01/19 15:04:09 [DEBUG] IME result: action=237, backspace=30, text=""
2026/01/19 15:04:09 [DEBUG] Key event: rawcode=100, keychar=￿ (65535), mask=0x2000
2026/01/19 15:04:09 [DEBUG] Mapped to internal code: 2
2026/01/19 15:04:09 [DEBUG] Processing key: code=2, shift=false, caps=false
2026/01/19 15:04:09 [DEBUG Bridge] ProcessKey: keycode=2, caps=false, ctrl=false, shift=false, enabled=true
2026/01/19 15:04:09 [DEBUG] IME returned nil (no action)
2026/01/19 15:04:10 [DEBUG] Key event: rawcode=65363, keychar=￿ (65535), mask=0x2000
2026/01/19 15:04:10 [DEBUG] Unmapped rawcode: 65363
2026/01/19 15:04:10 [DEBUG] Key event: rawcode=65293, keychar=￿ (65535), mask=0x2000
2026/01/19 15:04:10 [DEBUG] Unmapped rawcode: 65293
